<?xml version="1.0" encoding="UTF-8"?>
<testng-results ignored="0" total="2" passed="2" failed="0" skipped="0">
  <reporter-output>
  </reporter-output>
  <suite started-at="2023-10-25T12:26:27 IST" name="Surefire suite" finished-at="2023-10-25T12:26:30 IST" duration-ms="2444">
    <groups>
    </groups>
    <test started-at="2023-10-25T12:26:27 IST" name="Surefire test" finished-at="2023-10-25T12:26:30 IST" duration-ms="2444">
      <class name="Testcases.Testcases">
        <test-method is-config="true" signature="befor()[pri:0, instance:Testcases.Testcases@5bda8e08]" started-at="2023-10-25T12:26:27 IST" name="befor" finished-at="2023-10-25T12:26:27 IST" duration-ms="8" status="PASS">
          <reporter-output>
          </reporter-output>
        </test-method> <!-- befor -->
        <test-method signature="create()[pri:0, instance:Testcases.Testcases@5bda8e08]" started-at="2023-10-25T12:26:27 IST" name="create" finished-at="2023-10-25T12:26:29 IST" duration-ms="1919" status="PASS">
          <reporter-output>
          </reporter-output>
        </test-method> <!-- create -->
        <test-method signature="getwala()[pri:0, instance:Testcases.Testcases@5bda8e08]" started-at="2023-10-25T12:26:29 IST" name="getwala" finished-at="2023-10-25T12:26:30 IST" duration-ms="497" status="PASS">
          <reporter-output>
          </reporter-output>
        </test-method> <!-- getwala -->
      </class> <!-- Testcases.Testcases -->
    </test> <!-- Surefire test -->
  </suite> <!-- Surefire suite -->
</testng-results>
