<?xml version="1.0" encoding="UTF-8"?>
<testng-results ignored="0" total="2" passed="2" failed="0" skipped="0">
  <reporter-output>
  </reporter-output>
  <suite started-at="2023-10-25T10:02:51 IST" name="Suite" finished-at="2023-10-25T10:02:55 IST" duration-ms="3335">
    <groups>
    </groups>
    <test started-at="2023-10-25T10:02:51 IST" name="Test" finished-at="2023-10-25T10:02:55 IST" duration-ms="3335">
      <class name="Testcases.Testcases">
        <test-method is-config="true" signature="befor()[pri:0, instance:Testcases.Testcases@732c2a62]" started-at="2023-10-25T10:02:51 IST" name="befor" finished-at="2023-10-25T10:02:52 IST" duration-ms="335" status="PASS">
          <reporter-output>
          </reporter-output>
        </test-method> <!-- befor -->
        <test-method signature="create()[pri:0, instance:Testcases.Testcases@732c2a62]" started-at="2023-10-25T10:02:52 IST" name="create" finished-at="2023-10-25T10:02:54 IST" duration-ms="2273" status="PASS">
          <reporter-output>
          </reporter-output>
        </test-method> <!-- create -->
        <test-method signature="getwala()[pri:0, instance:Testcases.Testcases@732c2a62]" started-at="2023-10-25T10:02:54 IST" name="getwala" finished-at="2023-10-25T10:02:55 IST" duration-ms="703" status="PASS">
          <reporter-output>
          </reporter-output>
        </test-method> <!-- getwala -->
      </class> <!-- Testcases.Testcases -->
    </test> <!-- Test -->
  </suite> <!-- Suite -->
</testng-results>
